<?xml version="1.0" encoding="UTF-8"?>
<testng-results ignored="0" total="3" passed="3" failed="0" skipped="0">
  <reporter-output>
  </reporter-output>
  <suite started-at="2020-05-27T22:30:27 IST" name="LoginTest" finished-at="2020-05-27T22:31:00 IST" duration-ms="33357">
    <groups>
    </groups>
    <test started-at="2020-05-27T22:30:27 IST" name="WrongPassword" finished-at="2020-05-27T22:30:59 IST" duration-ms="32124">
      <class name="com.herokuapp.theinternet.LoginTest">
        <test-method is-config="true" signature="intializeDriver(java.lang.String, org.testng.ITestContext)[pri:0, instance:com.herokuapp.theinternet.LoginTest@6193932a]" started-at="2020-05-27T22:30:27 IST" name="intializeDriver" finished-at="2020-05-27T22:30:33 IST" duration-ms="6017" status="PASS">
          <params>
            <param index="0">
              <value>
                <![CDATA[Chrome]]>
              </value>
            </param>
            <param index="1">
              <value>
                <![CDATA[org.testng.TestRunner@39529185]]>
              </value>
            </param>
          </params>
          <reporter-output>
          </reporter-output>
        </test-method> <!-- intializeDriver -->
        <test-method signature="loginFunction(java.lang.String, java.lang.String, java.lang.String)[pri:0, instance:com.herokuapp.theinternet.LoginTest@6193932a]" started-at="2020-05-27T22:30:33 IST" name="loginFunction" finished-at="2020-05-27T22:30:58 IST" duration-ms="25168" status="PASS">
          <params>
            <param index="0">
              <value>
                <![CDATA[tomsmith]]>
              </value>
            </param>
            <param index="1">
              <value>
                <![CDATA[test]]>
              </value>
            </param>
            <param index="2">
              <value>
                <![CDATA[Your password is invalid!]]>
              </value>
            </param>
          </params>
          <reporter-output>
          </reporter-output>
        </test-method> <!-- loginFunction -->
        <test-method is-config="true" signature="closeDriver()[pri:0, instance:com.herokuapp.theinternet.LoginTest@6193932a]" started-at="2020-05-27T22:30:58 IST" name="closeDriver" finished-at="2020-05-27T22:30:59 IST" duration-ms="871" status="PASS">
          <reporter-output>
          </reporter-output>
        </test-method> <!-- closeDriver -->
      </class> <!-- com.herokuapp.theinternet.LoginTest -->
    </test> <!-- WrongPassword -->
    <test started-at="2020-05-27T22:30:27 IST" name="WrongUsername" finished-at="2020-05-27T22:31:00 IST" duration-ms="33176">
      <class name="com.herokuapp.theinternet.LoginTest">
        <test-method is-config="true" signature="intializeDriver(java.lang.String, org.testng.ITestContext)[pri:0, instance:com.herokuapp.theinternet.LoginTest@163e4e87]" started-at="2020-05-27T22:30:27 IST" name="intializeDriver" finished-at="2020-05-27T22:30:32 IST" duration-ms="5322" status="PASS">
          <params>
            <param index="0">
              <value>
                <![CDATA[Firefox]]>
              </value>
            </param>
            <param index="1">
              <value>
                <![CDATA[org.testng.TestRunner@3daa422a]]>
              </value>
            </param>
          </params>
          <reporter-output>
          </reporter-output>
        </test-method> <!-- intializeDriver -->
        <test-method signature="loginFunction(java.lang.String, java.lang.String, java.lang.String)[pri:0, instance:com.herokuapp.theinternet.LoginTest@163e4e87]" started-at="2020-05-27T22:30:32 IST" name="loginFunction" finished-at="2020-05-27T22:30:59 IST" duration-ms="27028" status="PASS">
          <params>
            <param index="0">
              <value>
                <![CDATA[test]]>
              </value>
            </param>
            <param index="1">
              <value>
                <![CDATA[SuperSecretPassword!]]>
              </value>
            </param>
            <param index="2">
              <value>
                <![CDATA[Your username is invalid!]]>
              </value>
            </param>
          </params>
          <reporter-output>
          </reporter-output>
        </test-method> <!-- loginFunction -->
        <test-method is-config="true" signature="closeDriver()[pri:0, instance:com.herokuapp.theinternet.LoginTest@163e4e87]" started-at="2020-05-27T22:30:59 IST" name="closeDriver" finished-at="2020-05-27T22:31:00 IST" duration-ms="759" status="PASS">
          <reporter-output>
          </reporter-output>
        </test-method> <!-- closeDriver -->
      </class> <!-- com.herokuapp.theinternet.LoginTest -->
    </test> <!-- WrongUsername -->
    <test started-at="2020-05-27T22:30:27 IST" name="PositiveTest" finished-at="2020-05-27T22:31:00 IST" duration-ms="33357">
      <class name="com.herokuapp.theinternet.LoginTest">
        <test-method is-config="true" signature="intializeDriver(java.lang.String, org.testng.ITestContext)[pri:0, instance:com.herokuapp.theinternet.LoginTest@3d121db3]" started-at="2020-05-27T22:30:27 IST" name="intializeDriver" finished-at="2020-05-27T22:30:33 IST" duration-ms="6081" status="PASS">
          <params>
            <param index="0">
              <value>
                <![CDATA[Chrome]]>
              </value>
            </param>
            <param index="1">
              <value>
                <![CDATA[org.testng.TestRunner@72f926e6]]>
              </value>
            </param>
          </params>
          <reporter-output>
          </reporter-output>
        </test-method> <!-- intializeDriver -->
        <test-method signature="loginFunction(java.lang.String, java.lang.String, java.lang.String)[pri:0, instance:com.herokuapp.theinternet.LoginTest@3d121db3]" started-at="2020-05-27T22:30:33 IST" name="loginFunction" finished-at="2020-05-27T22:30:59 IST" duration-ms="26286" status="PASS">
          <params>
            <param index="0">
              <value>
                <![CDATA[tomsmith]]>
              </value>
            </param>
            <param index="1">
              <value>
                <![CDATA[SuperSecretPassword!]]>
              </value>
            </param>
            <param index="2">
              <value>
                <![CDATA[You logged into a secure area!]]>
              </value>
            </param>
          </params>
          <reporter-output>
          </reporter-output>
        </test-method> <!-- loginFunction -->
        <test-method is-config="true" signature="closeDriver()[pri:0, instance:com.herokuapp.theinternet.LoginTest@3d121db3]" started-at="2020-05-27T22:30:59 IST" name="closeDriver" finished-at="2020-05-27T22:31:00 IST" duration-ms="925" status="PASS">
          <reporter-output>
          </reporter-output>
        </test-method> <!-- closeDriver -->
      </class> <!-- com.herokuapp.theinternet.LoginTest -->
    </test> <!-- PositiveTest -->
  </suite> <!-- LoginTest -->
</testng-results>
